2020-05-09 03:06:04.486 [main] INFO  [com.ljq.house.HouseApplication:50] maincid - Starting HouseApplication on DESKTOP-RE9CSGV with PID 16900 (E:\git\LovingHome-Real-Estate-Platform\sz.lianjia\house-web\target\classes started by Administrator in E:\git\LovingHome-Real-Estate-Platform)
2020-05-09 03:06:04.486 [main] INFO  [com.ljq.house.HouseApplication:675] maincid - No active profile set, falling back to default profiles: default
2020-05-09 03:06:05.377 [main] INFO  [com.ulisesbocchio.jasyptspringboot.configuration.EnableEncryptablePropertiesBeanFactoryPostProcessor:50] maincid - Post-processing PropertySource instances
2020-05-09 03:06:05.440 [main] INFO  [com.ulisesbocchio.jasyptspringboot.EncryptablePropertySourceConverter:38] maincid - Converting PropertySource configurationProperties [org.springframework.boot.context.properties.source.ConfigurationPropertySourcesPropertySource] to AOP Proxy
2020-05-09 03:06:05.440 [main] INFO  [com.ulisesbocchio.jasyptspringboot.EncryptablePropertySourceConverter:38] maincid - Converting PropertySource servletConfigInitParams [org.springframework.core.env.PropertySource$StubPropertySource] to EncryptablePropertySourceWrapper
2020-05-09 03:06:05.440 [main] INFO  [com.ulisesbocchio.jasyptspringboot.EncryptablePropertySourceConverter:38] maincid - Converting PropertySource servletContextInitParams [org.springframework.core.env.PropertySource$StubPropertySource] to EncryptablePropertySourceWrapper
2020-05-09 03:06:05.440 [main] INFO  [com.ulisesbocchio.jasyptspringboot.EncryptablePropertySourceConverter:38] maincid - Converting PropertySource systemProperties [org.springframework.core.env.MapPropertySource] to EncryptableMapPropertySourceWrapper
2020-05-09 03:06:05.441 [main] INFO  [com.ulisesbocchio.jasyptspringboot.EncryptablePropertySourceConverter:38] maincid - Converting PropertySource systemEnvironment [org.springframework.boot.env.SystemEnvironmentPropertySourceEnvironmentPostProcessor$OriginAwareSystemEnvironmentPropertySource] to EncryptableMapPropertySourceWrapper
2020-05-09 03:06:05.441 [main] INFO  [com.ulisesbocchio.jasyptspringboot.EncryptablePropertySourceConverter:38] maincid - Converting PropertySource random [org.springframework.boot.env.RandomValuePropertySource] to EncryptablePropertySourceWrapper
2020-05-09 03:06:05.441 [main] INFO  [com.ulisesbocchio.jasyptspringboot.EncryptablePropertySourceConverter:38] maincid - Converting PropertySource applicationConfig: [classpath:/application.properties] [org.springframework.boot.env.OriginTrackedMapPropertySource] to EncryptableMapPropertySourceWrapper
2020-05-09 03:06:05.484 [main] INFO  [com.ulisesbocchio.jasyptspringboot.filter.DefaultLazyPropertyFilter:31] maincid - Property Filter custom Bean not found with name 'encryptablePropertyFilter'. Initializing Default Property Filter
2020-05-09 03:06:05.507 [main] INFO  [org.springframework.context.support.PostProcessorRegistrationDelegate$BeanPostProcessorChecker:330] maincid - Bean 'org.springframework.transaction.annotation.ProxyTransactionManagementConfiguration' of type [org.springframework.transaction.annotation.ProxyTransactionManagementConfiguration$$EnhancerBySpringCGLIB$$599d6aa2] is not eligible for getting processed by all BeanPostProcessors (for example: not eligible for auto-proxying)
2020-05-09 03:06:05.725 [main] INFO  [com.ulisesbocchio.jasyptspringboot.resolver.DefaultLazyPropertyResolver:31] maincid - Property Resolver custom Bean not found with name 'encryptablePropertyResolver'. Initializing Default Property Resolver
2020-05-09 03:06:05.726 [main] INFO  [com.ulisesbocchio.jasyptspringboot.detector.DefaultLazyPropertyDetector:30] maincid - Property Detector custom Bean not found with name 'encryptablePropertyDetector'. Initializing Default Property Detector
2020-05-09 03:06:05.950 [main] INFO  [org.springframework.boot.web.embedded.tomcat.TomcatWebServer:90] maincid - Tomcat initialized with port(s): 8083 (http)
2020-05-09 03:06:05.959 [main] INFO  [org.apache.coyote.http11.Http11NioProtocol:173] maincid - Initializing ProtocolHandler ["http-nio-8083"]
2020-05-09 03:06:05.967 [main] INFO  [org.apache.catalina.core.StandardService:173] maincid - Starting service [Tomcat]
2020-05-09 03:06:05.967 [main] INFO  [org.apache.catalina.core.StandardEngine:173] maincid - Starting Servlet Engine: Apache Tomcat/9.0.13
2020-05-09 03:06:05.973 [main] INFO  [org.apache.catalina.core.AprLifecycleListener:173] maincid - The APR based Apache Tomcat Native library which allows optimal performance in production environments was not found on the java.library.path: [C:\Program Files\Java\jdk1.8.0_191\bin;C:\Windows\Sun\Java\bin;C:\Windows\system32;C:\Windows;C:\Program Files (x86)\Common Files\Oracle\Java\javapath;C:\Windows\system32;C:\Windows;C:\Windows\System32\Wbem;C:\Windows\System32\WindowsPowerShell\v1.0\;C:\Windows\System32\OpenSSH\;C:\Program Files (x86)\NVIDIA Corporation\PhysX\Common;C:\Program Files\NVIDIA Corporation\NVIDIA NvDLISR;D:\Git\cmd;D:\nodejs\;D:\java\bin;D:\IntelliJ IDEA Community Edition 2019.2.2\plugins\maven\lib\maven3\bin;C:\Users\Administrator\AppData\Local\Microsoft\WindowsApps;D:\WebStorm 2019.2.4\bin;C:\Users\Administrator\AppData\Roaming\npm;C:\Users\Administrator\AppData\Local\BypassRuntm;D:\IDEA\IntelliJ IDEA 2018.3.6\bin;;D:\IDEA\WebStorm 2018.3.6\bin;;.]
2020-05-09 03:06:06.065 [main] INFO  [org.apache.catalina.core.ContainerBase.[Tomcat].[localhost].[/]:173] maincid - Initializing Spring embedded WebApplicationContext
2020-05-09 03:06:06.065 [main] INFO  [org.springframework.web.context.ContextLoader:296] maincid - Root WebApplicationContext: initialization completed in 1532 ms
2020-05-09 03:06:06.199 [main] INFO  [org.springframework.boot.web.servlet.RegistrationBean:111] maincid - Filter webStatFilter was not registered (possibly already registered?)
2020-05-09 03:06:06.201 [main] INFO  [org.springframework.boot.web.servlet.RegistrationBean:111] maincid - Servlet statViewServlet was not registered (possibly already registered?)
2020-05-09 03:06:06.272 [main] INFO  [com.alibaba.druid.spring.boot.autoconfigure.DruidDataSourceAutoConfigure:56] maincid - Init DruidDataSource
2020-05-09 03:06:06.402 [main] INFO  [com.alibaba.druid.pool.DruidDataSource:930] maincid - {dataSource-1} inited
2020-05-09 03:06:06.994 [main] INFO  [org.springframework.scheduling.concurrent.ThreadPoolTaskExecutor:171] maincid - Initializing ExecutorService 'applicationTaskExecutor'
2020-05-09 03:06:07.541 [main] INFO  [org.springframework.boot.web.embedded.tomcat.TomcatWebServer:90] maincid - Tomcat initialized with port(s): 8090 (http)
2020-05-09 03:06:07.542 [main] INFO  [org.apache.coyote.http11.Http11NioProtocol:173] maincid - Initializing ProtocolHandler ["http-nio-8090"]
2020-05-09 03:06:07.542 [main] INFO  [org.apache.catalina.core.StandardService:173] maincid - Starting service [Tomcat]
2020-05-09 03:06:07.542 [main] INFO  [org.apache.catalina.core.StandardEngine:173] maincid - Starting Servlet Engine: Apache Tomcat/9.0.13
2020-05-09 03:06:07.565 [main] INFO  [org.apache.catalina.core.ContainerBase.[Tomcat-1].[localhost].[/]:173] maincid - Initializing Spring embedded WebApplicationContext
2020-05-09 03:06:07.565 [main] INFO  [org.springframework.web.context.ContextLoader:296] maincid - Root WebApplicationContext: initialization completed in 80 ms
2020-05-09 03:06:07.572 [main] INFO  [org.springframework.boot.actuate.endpoint.web.ServletEndpointRegistrar:78] maincid - Registered '/actuator/jolokia' to jolokia-actuator-endpoint
2020-05-09 03:06:07.580 [main] INFO  [org.springframework.boot.actuate.endpoint.web.EndpointLinksResolver:59] maincid - Exposing 16 endpoint(s) beneath base path '/actuator'
2020-05-09 03:06:07.623 [main] INFO  [org.apache.coyote.http11.Http11NioProtocol:173] maincid - Starting ProtocolHandler ["http-nio-8090"]
2020-05-09 03:06:07.630 [main] INFO  [org.apache.tomcat.util.net.NioSelectorPool:173] maincid - Using a shared selector for servlet write/read
2020-05-09 03:06:07.642 [main] INFO  [org.springframework.boot.web.embedded.tomcat.TomcatWebServer:204] maincid - Tomcat started on port(s): 8090 (http) with context path ''
2020-05-09 03:06:07.652 [main] INFO  [org.apache.coyote.http11.Http11NioProtocol:173] maincid - Starting ProtocolHandler ["http-nio-8083"]
2020-05-09 03:06:07.653 [main] INFO  [org.apache.tomcat.util.net.NioSelectorPool:173] maincid - Using a shared selector for servlet write/read
2020-05-09 03:06:07.657 [main] INFO  [org.springframework.boot.web.embedded.tomcat.TomcatWebServer:204] maincid - Tomcat started on port(s): 8083 (http) with context path ''
2020-05-09 03:06:07.658 [main] INFO  [com.ljq.house.HouseApplication:59] maincid - Started HouseApplication in 3.584 seconds (JVM running for 4.728)
2020-05-09 03:06:07.827 [RMI TCP Connection(3)-192.168.0.7] INFO  [org.apache.catalina.core.ContainerBase.[Tomcat].[localhost].[/]:173] RMI TCP Connection(3)-192.168.0.7cid - Initializing Spring DispatcherServlet 'dispatcherServlet'
2020-05-09 03:06:07.827 [RMI TCP Connection(3)-192.168.0.7] INFO  [org.springframework.web.servlet.DispatcherServlet:524] RMI TCP Connection(3)-192.168.0.7cid - Initializing Servlet 'dispatcherServlet'
2020-05-09 03:06:07.834 [RMI TCP Connection(3)-192.168.0.7] INFO  [org.springframework.web.servlet.DispatcherServlet:546] RMI TCP Connection(3)-192.168.0.7cid - Completed initialization in 7 ms
