2020-05-09 02:38:18.949  [http-nio-8083-exec-2] DEBUG [com.ljq.house.biz.mapper.HouseMapper.selectPageHouses:] http-nio-8083-exec-2cid - ==>  Preparing: select a.id, a.type, a.name, a.price, a.images, a.area, a.beds, a.baths, a.rating, a.remarks, a.properties, a.floor_plan, a.tags, a.create_time, a.city_id, a.community_id, a.address, a.state from house a WHERE state = 1 order by a.create_time desc limit ?,? 
2020-05-09 02:38:18.968  [http-nio-8083-exec-2] DEBUG [com.ljq.house.biz.mapper.HouseMapper.selectPageHouses:] http-nio-8083-exec-2cid - ==> Parameters: 0(Integer), 8(Integer)
2020-05-09 02:38:18.994  [http-nio-8083-exec-2] DEBUG [com.ljq.house.biz.mapper.HouseMapper.selectPageHouses:] http-nio-8083-exec-2cid - <==      Total: 8
2020-05-09 02:38:43.988  [http-nio-8083-exec-3] DEBUG [com.ljq.house.biz.mapper.HouseMapper.selectPageHouses:] http-nio-8083-exec-3cid - ==>  Preparing: select a.id, a.type, a.name, a.price, a.images, a.area, a.beds, a.baths, a.rating, a.remarks, a.properties, a.floor_plan, a.tags, a.create_time, a.city_id, a.community_id, a.address, a.state from house a WHERE state = 1 order by a.create_time desc limit ?,? 
2020-05-09 02:38:43.988  [http-nio-8083-exec-3] DEBUG [com.ljq.house.biz.mapper.HouseMapper.selectPageHouses:] http-nio-8083-exec-3cid - ==> Parameters: 0(Integer), 5(Integer)
2020-05-09 02:38:43.996  [http-nio-8083-exec-3] DEBUG [com.ljq.house.biz.mapper.HouseMapper.selectPageHouses:] http-nio-8083-exec-3cid - <==      Total: 5
2020-05-09 02:38:43.997  [http-nio-8083-exec-3] DEBUG [com.ljq.house.biz.mapper.HouseMapper.selectPageCount:] http-nio-8083-exec-3cid - ==>  Preparing: select count(id) from house a WHERE state = 1 
2020-05-09 02:38:43.997  [http-nio-8083-exec-3] DEBUG [com.ljq.house.biz.mapper.HouseMapper.selectPageCount:] http-nio-8083-exec-3cid - ==> Parameters: 
2020-05-09 02:38:44.003  [http-nio-8083-exec-3] DEBUG [com.ljq.house.biz.mapper.HouseMapper.selectPageCount:] http-nio-8083-exec-3cid - <==      Total: 1
2020-05-09 02:38:51.248  [http-nio-8083-exec-8] DEBUG [com.ljq.house.biz.mapper.HouseMapper.selectPageHouses:] http-nio-8083-exec-8cid - ==>  Preparing: select a.id, a.type, a.name, a.price, a.images, a.area, a.beds, a.baths, a.rating, a.remarks, a.properties, a.floor_plan, a.tags, a.create_time, a.city_id, a.community_id, a.address, a.state from house a WHERE state = 1 and a.type = ? order by a.create_time desc limit ?,? 
2020-05-09 02:38:51.248  [http-nio-8083-exec-8] DEBUG [com.ljq.house.biz.mapper.HouseMapper.selectPageHouses:] http-nio-8083-exec-8cid - ==> Parameters: 1(Integer), 5(Integer), 5(Integer)
2020-05-09 02:38:51.259  [http-nio-8083-exec-8] DEBUG [com.ljq.house.biz.mapper.HouseMapper.selectPageHouses:] http-nio-8083-exec-8cid - <==      Total: 5
2020-05-09 02:38:51.260  [http-nio-8083-exec-8] DEBUG [com.ljq.house.biz.mapper.HouseMapper.selectPageCount:] http-nio-8083-exec-8cid - ==>  Preparing: select count(id) from house a WHERE state = 1 and a.type = ? 
2020-05-09 02:38:51.260  [http-nio-8083-exec-8] DEBUG [com.ljq.house.biz.mapper.HouseMapper.selectPageCount:] http-nio-8083-exec-8cid - ==> Parameters: 1(Integer)
2020-05-09 02:38:51.265  [http-nio-8083-exec-8] DEBUG [com.ljq.house.biz.mapper.HouseMapper.selectPageCount:] http-nio-8083-exec-8cid - <==      Total: 1
2020-05-09 02:38:57.788  [http-nio-8083-exec-5] DEBUG [com.ljq.house.biz.mapper.BlogMapper.selectBlog:] http-nio-8083-exec-5cid - ==>  Preparing: select id,tags ,content,create_time,title from blog a order by a.create_time desc limit ?, ? 
2020-05-09 02:38:57.789  [http-nio-8083-exec-5] DEBUG [com.ljq.house.biz.mapper.BlogMapper.selectBlog:] http-nio-8083-exec-5cid - ==> Parameters: 0(Integer), 5(Integer)
2020-05-09 02:38:57.804  [http-nio-8083-exec-5] DEBUG [com.ljq.house.biz.mapper.BlogMapper.selectBlog:] http-nio-8083-exec-5cid - <==      Total: 5
2020-05-09 02:38:57.856  [http-nio-8083-exec-5] DEBUG [com.ljq.house.biz.mapper.BlogMapper.selectBlogCount:] http-nio-8083-exec-5cid - ==>  Preparing: select count(id) from blog a order by a.create_time desc 
2020-05-09 02:38:57.856  [http-nio-8083-exec-5] DEBUG [com.ljq.house.biz.mapper.BlogMapper.selectBlogCount:] http-nio-8083-exec-5cid - ==> Parameters: 
2020-05-09 02:38:57.861  [http-nio-8083-exec-5] DEBUG [com.ljq.house.biz.mapper.BlogMapper.selectBlogCount:] http-nio-8083-exec-5cid - <==      Total: 1
2020-05-09 02:39:13.947  [http-nio-8083-exec-7] DEBUG [com.ljq.house.biz.mapper.HouseMapper.selectPageHouses:] http-nio-8083-exec-7cid - ==>  Preparing: select a.id, a.type, a.name, a.price, a.images, a.area, a.beds, a.baths, a.rating, a.remarks, a.properties, a.floor_plan, a.tags, a.create_time, a.city_id, a.community_id, a.address, a.state from house a WHERE state = 1 order by a.create_time desc limit ?,? 
2020-05-09 02:39:13.947  [http-nio-8083-exec-7] DEBUG [com.ljq.house.biz.mapper.HouseMapper.selectPageHouses:] http-nio-8083-exec-7cid - ==> Parameters: 0(Integer), 8(Integer)
2020-05-09 02:39:13.956  [http-nio-8083-exec-7] DEBUG [com.ljq.house.biz.mapper.HouseMapper.selectPageHouses:] http-nio-8083-exec-7cid - <==      Total: 8
2020-05-09 02:39:17.224  [http-nio-8083-exec-4] DEBUG [com.ljq.house.biz.mapper.AgencyMapper.select:] http-nio-8083-exec-4cid - ==>  Preparing: select id , name, address, phone, email, about_us, mobile, web_site from agency 
2020-05-09 02:39:17.225  [http-nio-8083-exec-4] DEBUG [com.ljq.house.biz.mapper.AgencyMapper.select:] http-nio-8083-exec-4cid - ==> Parameters: 
2020-05-09 02:39:17.231  [http-nio-8083-exec-4] DEBUG [com.ljq.house.biz.mapper.AgencyMapper.select:] http-nio-8083-exec-4cid - <==      Total: 5
2020-05-09 02:39:38.644  [http-nio-8083-exec-5] DEBUG [com.ljq.house.biz.mapper.AgencyMapper.select:] http-nio-8083-exec-5cid - ==>  Preparing: select id , name, address, phone, email, about_us, mobile, web_site from agency 
2020-05-09 02:39:38.644  [http-nio-8083-exec-5] DEBUG [com.ljq.house.biz.mapper.AgencyMapper.select:] http-nio-8083-exec-5cid - ==> Parameters: 
2020-05-09 02:39:38.651  [http-nio-8083-exec-5] DEBUG [com.ljq.house.biz.mapper.AgencyMapper.select:] http-nio-8083-exec-5cid - <==      Total: 5
2020-05-09 02:40:28.544  [http-nio-8083-exec-4] DEBUG [com.ljq.house.biz.mapper.UserMapper.insert:] http-nio-8083-exec-4cid - ==>  Preparing: insert into user ( name, phone, email, aboutme, passwd, avatar, type, create_time, enable ) values( ?, ?, ?, ?, ?, ?, ?, ?, ? ) 
2020-05-09 02:40:28.546  [http-nio-8083-exec-4] DEBUG [com.ljq.house.biz.mapper.UserMapper.insert:] http-nio-8083-exec-4cid - ==> Parameters: zzz(String), 15221069068(String), 911930036@qq.com(String), (String), 499a19fa2d53a410845181b446da8ab3(String), (String), 2(Integer), 2020-05-09 02:40:28.54(Timestamp), 0(Integer)
2020-05-09 02:40:28.560  [http-nio-8083-exec-4] DEBUG [com.ljq.house.biz.mapper.UserMapper.insert:] http-nio-8083-exec-4cid - <==    Updates: 1
2020-05-09 02:40:45.933  [http-nio-8083-exec-9] DEBUG [com.ljq.house.biz.mapper.UserMapper.update:] http-nio-8083-exec-9cid - ==>  Preparing: update user SET enable = ? where email = ? 
2020-05-09 02:40:45.933  [http-nio-8083-exec-9] DEBUG [com.ljq.house.biz.mapper.UserMapper.update:] http-nio-8083-exec-9cid - ==> Parameters: 1(Integer), 911930036@qq.com(String)
2020-05-09 02:40:45.957  [http-nio-8083-exec-9] DEBUG [com.ljq.house.biz.mapper.UserMapper.update:] http-nio-8083-exec-9cid - <==    Updates: 1
2020-05-09 02:40:45.961  [http-nio-8083-exec-9] DEBUG [com.ljq.house.biz.mapper.UserMapper.selectUsersByQuery:] http-nio-8083-exec-9cid - ==>  Preparing: select * from user WHERE email = ? 
2020-05-09 02:40:45.961  [http-nio-8083-exec-9] DEBUG [com.ljq.house.biz.mapper.UserMapper.selectUsersByQuery:] http-nio-8083-exec-9cid - ==> Parameters: 911930036@qq.com(String)
2020-05-09 02:40:45.967  [http-nio-8083-exec-9] DEBUG [com.ljq.house.biz.mapper.UserMapper.selectUsersByQuery:] http-nio-8083-exec-9cid - <==      Total: 1
2020-05-09 02:40:45.979  [http-nio-8083-exec-6] DEBUG [com.ljq.house.biz.mapper.HouseMapper.selectPageHouses:] http-nio-8083-exec-6cid - ==>  Preparing: select a.id, a.type, a.name, a.price, a.images, a.area, a.beds, a.baths, a.rating, a.remarks, a.properties, a.floor_plan, a.tags, a.create_time, a.city_id, a.community_id, a.address, a.state from house a WHERE state = 1 order by a.create_time desc limit ?,? 
2020-05-09 02:40:45.980  [http-nio-8083-exec-6] DEBUG [com.ljq.house.biz.mapper.HouseMapper.selectPageHouses:] http-nio-8083-exec-6cid - ==> Parameters: 0(Integer), 8(Integer)
2020-05-09 02:40:45.989  [http-nio-8083-exec-6] DEBUG [com.ljq.house.biz.mapper.HouseMapper.selectPageHouses:] http-nio-8083-exec-6cid - <==      Total: 8
2020-05-09 02:41:16.632  [http-nio-8083-exec-9] DEBUG [com.ljq.house.biz.mapper.HouseMapper.selectPageHouses:] http-nio-8083-exec-9cid - ==>  Preparing: select a.id, a.type, a.name, a.price, a.images, a.area, a.beds, a.baths, a.rating, a.remarks, a.properties, a.floor_plan, a.tags, a.create_time, a.city_id, a.community_id, a.address, a.state from house a WHERE state = 1 order by a.create_time desc limit ?,? 
2020-05-09 02:41:16.633  [http-nio-8083-exec-9] DEBUG [com.ljq.house.biz.mapper.HouseMapper.selectPageHouses:] http-nio-8083-exec-9cid - ==> Parameters: 0(Integer), 8(Integer)
2020-05-09 02:41:16.641  [http-nio-8083-exec-9] DEBUG [com.ljq.house.biz.mapper.HouseMapper.selectPageHouses:] http-nio-8083-exec-9cid - <==      Total: 8
2020-05-09 02:41:32.653  [http-nio-8083-exec-4] DEBUG [com.ljq.house.biz.mapper.HouseMapper.selectPageHouses:] http-nio-8083-exec-4cid - ==>  Preparing: select a.id, a.type, a.name, a.price, a.images, a.area, a.beds, a.baths, a.rating, a.remarks, a.properties, a.floor_plan, a.tags, a.create_time, a.city_id, a.community_id, a.address, a.state from house a WHERE state = 1 order by a.create_time desc limit ?,? 
2020-05-09 02:41:32.653  [http-nio-8083-exec-4] DEBUG [com.ljq.house.biz.mapper.HouseMapper.selectPageHouses:] http-nio-8083-exec-4cid - ==> Parameters: 0(Integer), 8(Integer)
2020-05-09 02:41:32.660  [http-nio-8083-exec-4] DEBUG [com.ljq.house.biz.mapper.HouseMapper.selectPageHouses:] http-nio-8083-exec-4cid - <==      Total: 8
2020-05-09 02:41:53.290  [http-nio-8083-exec-10] DEBUG [com.ljq.house.biz.mapper.HouseMapper.selectPageHouses:] http-nio-8083-exec-10cid - ==>  Preparing: select a.id, a.type, a.name, a.price, a.images, a.area, a.beds, a.baths, a.rating, a.remarks, a.properties, a.floor_plan, a.tags, a.create_time, a.city_id, a.community_id, a.address, a.state from house a WHERE state = 1 order by a.create_time desc limit ?,? 
2020-05-09 02:41:53.290  [http-nio-8083-exec-10] DEBUG [com.ljq.house.biz.mapper.HouseMapper.selectPageHouses:] http-nio-8083-exec-10cid - ==> Parameters: 0(Integer), 8(Integer)
2020-05-09 02:41:53.298  [http-nio-8083-exec-10] DEBUG [com.ljq.house.biz.mapper.HouseMapper.selectPageHouses:] http-nio-8083-exec-10cid - <==      Total: 8
2020-05-09 02:42:00.161  [http-nio-8083-exec-2] DEBUG [com.ljq.house.biz.mapper.HouseMapper.selectPageHouses:] http-nio-8083-exec-2cid - ==>  Preparing: select a.id, a.type, a.name, a.price, a.images, a.area, a.beds, a.baths, a.rating, a.remarks, a.properties, a.floor_plan, a.tags, a.create_time, a.city_id, a.community_id, a.address, a.state from house a WHERE state = 1 order by a.create_time desc limit ?,? 
2020-05-09 02:42:00.162  [http-nio-8083-exec-2] DEBUG [com.ljq.house.biz.mapper.HouseMapper.selectPageHouses:] http-nio-8083-exec-2cid - ==> Parameters: 0(Integer), 8(Integer)
2020-05-09 02:42:00.171  [http-nio-8083-exec-2] DEBUG [com.ljq.house.biz.mapper.HouseMapper.selectPageHouses:] http-nio-8083-exec-2cid - <==      Total: 8
2020-05-09 02:42:34.644  [http-nio-8083-exec-1] DEBUG [com.ljq.house.biz.mapper.HouseMapper.selectPageHouses:] http-nio-8083-exec-1cid - ==>  Preparing: select a.id, a.type, a.name, a.price, a.images, a.area, a.beds, a.baths, a.rating, a.remarks, a.properties, a.floor_plan, a.tags, a.create_time, a.city_id, a.community_id, a.address, a.state from house a WHERE state = 1 and a.type = ? order by a.create_time desc limit ?,? 
2020-05-09 02:42:34.644  [http-nio-8083-exec-1] DEBUG [com.ljq.house.biz.mapper.HouseMapper.selectPageHouses:] http-nio-8083-exec-1cid - ==> Parameters: 1(Integer), 0(Integer), 5(Integer)
2020-05-09 02:42:34.652  [http-nio-8083-exec-1] DEBUG [com.ljq.house.biz.mapper.HouseMapper.selectPageHouses:] http-nio-8083-exec-1cid - <==      Total: 5
2020-05-09 02:42:34.652  [http-nio-8083-exec-1] DEBUG [com.ljq.house.biz.mapper.HouseMapper.selectPageCount:] http-nio-8083-exec-1cid - ==>  Preparing: select count(id) from house a WHERE state = 1 and a.type = ? 
2020-05-09 02:42:34.652  [http-nio-8083-exec-1] DEBUG [com.ljq.house.biz.mapper.HouseMapper.selectPageCount:] http-nio-8083-exec-1cid - ==> Parameters: 1(Integer)
2020-05-09 02:42:34.658  [http-nio-8083-exec-1] DEBUG [com.ljq.house.biz.mapper.HouseMapper.selectPageCount:] http-nio-8083-exec-1cid - <==      Total: 1
2020-05-09 02:42:39.267  [http-nio-8083-exec-9] DEBUG [com.ljq.house.biz.mapper.HouseMapper.selectPageHouses:] http-nio-8083-exec-9cid - ==>  Preparing: select a.id, a.type, a.name, a.price, a.images, a.area, a.beds, a.baths, a.rating, a.remarks, a.properties, a.floor_plan, a.tags, a.create_time, a.city_id, a.community_id, a.address, a.state from house a WHERE state = 1 and a.type = ? order by a.create_time desc limit ?,? 
2020-05-09 02:42:39.268  [http-nio-8083-exec-9] DEBUG [com.ljq.house.biz.mapper.HouseMapper.selectPageHouses:] http-nio-8083-exec-9cid - ==> Parameters: 2(Integer), 0(Integer), 5(Integer)
2020-05-09 02:42:39.275  [http-nio-8083-exec-9] DEBUG [com.ljq.house.biz.mapper.HouseMapper.selectPageHouses:] http-nio-8083-exec-9cid - <==      Total: 5
2020-05-09 02:42:39.276  [http-nio-8083-exec-9] DEBUG [com.ljq.house.biz.mapper.HouseMapper.selectPageCount:] http-nio-8083-exec-9cid - ==>  Preparing: select count(id) from house a WHERE state = 1 and a.type = ? 
2020-05-09 02:42:39.276  [http-nio-8083-exec-9] DEBUG [com.ljq.house.biz.mapper.HouseMapper.selectPageCount:] http-nio-8083-exec-9cid - ==> Parameters: 2(Integer)
2020-05-09 02:42:39.281  [http-nio-8083-exec-9] DEBUG [com.ljq.house.biz.mapper.HouseMapper.selectPageCount:] http-nio-8083-exec-9cid - <==      Total: 1
2020-05-09 02:43:00.435  [http-nio-8083-exec-8] DEBUG [com.ljq.house.biz.mapper.UserMapper.selectUsersByQuery:] http-nio-8083-exec-8cid - ==>  Preparing: select * from user WHERE email = ? and passwd = ? and enable = ? 
2020-05-09 02:43:00.435  [http-nio-8083-exec-8] DEBUG [com.ljq.house.biz.mapper.UserMapper.selectUsersByQuery:] http-nio-8083-exec-8cid - ==> Parameters: 911930036@qq.com(String), 499a19fa2d53a410845181b446da8ab3(String), 1(Integer)
2020-05-09 02:43:00.441  [http-nio-8083-exec-8] DEBUG [com.ljq.house.biz.mapper.UserMapper.selectUsersByQuery:] http-nio-8083-exec-8cid - <==      Total: 1
2020-05-09 02:43:00.450  [http-nio-8083-exec-3] DEBUG [com.ljq.house.biz.mapper.HouseMapper.selectPageHouses:] http-nio-8083-exec-3cid - ==>  Preparing: select a.id, a.type, a.name, a.price, a.images, a.area, a.beds, a.baths, a.rating, a.remarks, a.properties, a.floor_plan, a.tags, a.create_time, a.city_id, a.community_id, a.address, a.state from house a WHERE state = 1 order by a.create_time desc limit ?,? 
2020-05-09 02:43:00.450  [http-nio-8083-exec-3] DEBUG [com.ljq.house.biz.mapper.HouseMapper.selectPageHouses:] http-nio-8083-exec-3cid - ==> Parameters: 0(Integer), 8(Integer)
2020-05-09 02:43:00.459  [http-nio-8083-exec-3] DEBUG [com.ljq.house.biz.mapper.HouseMapper.selectPageHouses:] http-nio-8083-exec-3cid - <==      Total: 8
2020-05-09 02:43:16.275  [http-nio-8083-exec-7] DEBUG [com.ljq.house.biz.mapper.HouseMapper.selectPageHouses:] http-nio-8083-exec-7cid - ==>  Preparing: select a.id, a.type, a.name, a.price, a.images, a.area, a.beds, a.baths, a.rating, a.remarks, a.properties, a.floor_plan, a.tags, a.create_time, a.city_id, a.community_id, a.address, a.state from house a WHERE state = 1 and a.type = ? order by a.create_time desc limit ?,? 
2020-05-09 02:43:16.276  [http-nio-8083-exec-7] DEBUG [com.ljq.house.biz.mapper.HouseMapper.selectPageHouses:] http-nio-8083-exec-7cid - ==> Parameters: 2(Integer), 0(Integer), 5(Integer)
2020-05-09 02:43:16.283  [http-nio-8083-exec-7] DEBUG [com.ljq.house.biz.mapper.HouseMapper.selectPageHouses:] http-nio-8083-exec-7cid - <==      Total: 5
2020-05-09 02:43:16.284  [http-nio-8083-exec-7] DEBUG [com.ljq.house.biz.mapper.HouseMapper.selectPageCount:] http-nio-8083-exec-7cid - ==>  Preparing: select count(id) from house a WHERE state = 1 and a.type = ? 
2020-05-09 02:43:16.284  [http-nio-8083-exec-7] DEBUG [com.ljq.house.biz.mapper.HouseMapper.selectPageCount:] http-nio-8083-exec-7cid - ==> Parameters: 2(Integer)
2020-05-09 02:43:16.289  [http-nio-8083-exec-7] DEBUG [com.ljq.house.biz.mapper.HouseMapper.selectPageCount:] http-nio-8083-exec-7cid - <==      Total: 1
2020-05-09 02:43:41.087  [http-nio-8083-exec-5] DEBUG [com.ljq.house.biz.mapper.HouseMapper.selectPageHouses:] http-nio-8083-exec-5cid - ==>  Preparing: select a.id, a.type, a.name, a.price, a.images, a.area, a.beds, a.baths, a.rating, a.remarks, a.properties, a.floor_plan, a.tags, a.create_time, a.city_id, a.community_id, a.address, a.state from house a WHERE state = 1 order by a.create_time desc limit ?,? 
2020-05-09 02:43:41.087  [http-nio-8083-exec-5] DEBUG [com.ljq.house.biz.mapper.HouseMapper.selectPageHouses:] http-nio-8083-exec-5cid - ==> Parameters: 0(Integer), 8(Integer)
2020-05-09 02:43:41.095  [http-nio-8083-exec-5] DEBUG [com.ljq.house.biz.mapper.HouseMapper.selectPageHouses:] http-nio-8083-exec-5cid - <==      Total: 8
2020-05-09 02:43:56.664  [http-nio-8083-exec-10] DEBUG [com.ljq.house.biz.mapper.BlogMapper.selectBlog:] http-nio-8083-exec-10cid - ==>  Preparing: select id,tags ,content,create_time,title from blog a order by a.create_time desc limit ?, ? 
2020-05-09 02:43:56.664  [http-nio-8083-exec-10] DEBUG [com.ljq.house.biz.mapper.BlogMapper.selectBlog:] http-nio-8083-exec-10cid - ==> Parameters: 0(Integer), 5(Integer)
2020-05-09 02:43:56.677  [http-nio-8083-exec-10] DEBUG [com.ljq.house.biz.mapper.BlogMapper.selectBlog:] http-nio-8083-exec-10cid - <==      Total: 5
2020-05-09 02:43:56.683  [http-nio-8083-exec-10] DEBUG [com.ljq.house.biz.mapper.BlogMapper.selectBlogCount:] http-nio-8083-exec-10cid - ==>  Preparing: select count(id) from blog a order by a.create_time desc 
2020-05-09 02:43:56.683  [http-nio-8083-exec-10] DEBUG [com.ljq.house.biz.mapper.BlogMapper.selectBlogCount:] http-nio-8083-exec-10cid - ==> Parameters: 
2020-05-09 02:43:56.689  [http-nio-8083-exec-10] DEBUG [com.ljq.house.biz.mapper.BlogMapper.selectBlogCount:] http-nio-8083-exec-10cid - <==      Total: 1
2020-05-09 02:44:04.926  [http-nio-8083-exec-2] DEBUG [com.ljq.house.biz.mapper.BlogMapper.selectBlog:] http-nio-8083-exec-2cid - ==>  Preparing: select id,tags ,content,create_time,title from blog a WHERE id = ? order by a.create_time desc limit ?, ? 
2020-05-09 02:44:04.927  [http-nio-8083-exec-2] DEBUG [com.ljq.house.biz.mapper.BlogMapper.selectBlog:] http-nio-8083-exec-2cid - ==> Parameters: 4(Integer), 0(Integer), 1(Integer)
2020-05-09 02:44:04.933  [http-nio-8083-exec-2] DEBUG [com.ljq.house.biz.mapper.BlogMapper.selectBlog:] http-nio-8083-exec-2cid - <==      Total: 1
2020-05-09 02:44:04.936  [http-nio-8083-exec-2] DEBUG [com.ljq.house.biz.mapper.CommentMapper.selectBlogComments:] http-nio-8083-exec-2cid - ==>  Preparing: select id, content, house_id, create_time, blog_id, type, user_id from comment where type =2 and blog_id = ? order by create_time desc limit ? 
2020-05-09 02:44:04.937  [http-nio-8083-exec-2] DEBUG [com.ljq.house.biz.mapper.CommentMapper.selectBlogComments:] http-nio-8083-exec-2cid - ==> Parameters: 4(Long), 8(Integer)
2020-05-09 02:44:04.942  [http-nio-8083-exec-2] DEBUG [com.ljq.house.biz.mapper.CommentMapper.selectBlogComments:] http-nio-8083-exec-2cid - <==      Total: 0
2020-05-09 02:44:15.180  [http-nio-8083-exec-4] DEBUG [com.ljq.house.biz.mapper.CommentMapper.insert:] http-nio-8083-exec-4cid - ==>  Preparing: insert into comment( content, house_id, create_time, blog_id, type, user_id) value( ?, ?, ?, ?, ?, ? ) 
2020-05-09 02:44:15.181  [http-nio-8083-exec-4] DEBUG [com.ljq.house.biz.mapper.CommentMapper.insert:] http-nio-8083-exec-4cid - ==> Parameters: 11(String), 0(Long), 2020-05-09 02:44:15.179(Timestamp), 4(Integer), 2(Integer), 4(Long)
2020-05-09 02:44:15.197  [http-nio-8083-exec-4] DEBUG [com.ljq.house.biz.mapper.CommentMapper.insert:] http-nio-8083-exec-4cid - <==    Updates: 1
2020-05-09 02:44:15.203  [http-nio-8083-exec-1] DEBUG [com.ljq.house.biz.mapper.BlogMapper.selectBlog:] http-nio-8083-exec-1cid - ==>  Preparing: select id,tags ,content,create_time,title from blog a WHERE id = ? order by a.create_time desc limit ?, ? 
2020-05-09 02:44:15.203  [http-nio-8083-exec-1] DEBUG [com.ljq.house.biz.mapper.BlogMapper.selectBlog:] http-nio-8083-exec-1cid - ==> Parameters: 4(Integer), 0(Integer), 1(Integer)
2020-05-09 02:44:15.210  [http-nio-8083-exec-1] DEBUG [com.ljq.house.biz.mapper.BlogMapper.selectBlog:] http-nio-8083-exec-1cid - <==      Total: 1
2020-05-09 02:44:15.210  [http-nio-8083-exec-1] DEBUG [com.ljq.house.biz.mapper.CommentMapper.selectBlogComments:] http-nio-8083-exec-1cid - ==>  Preparing: select id, content, house_id, create_time, blog_id, type, user_id from comment where type =2 and blog_id = ? order by create_time desc limit ? 
2020-05-09 02:44:15.211  [http-nio-8083-exec-1] DEBUG [com.ljq.house.biz.mapper.CommentMapper.selectBlogComments:] http-nio-8083-exec-1cid - ==> Parameters: 4(Long), 8(Integer)
2020-05-09 02:44:15.217  [http-nio-8083-exec-1] DEBUG [com.ljq.house.biz.mapper.CommentMapper.selectBlogComments:] http-nio-8083-exec-1cid - <==      Total: 1
2020-05-09 02:44:15.217  [http-nio-8083-exec-1] DEBUG [com.ljq.house.biz.mapper.UserMapper.selectUsersByQuery:] http-nio-8083-exec-1cid - ==>  Preparing: select * from user WHERE id = ? 
2020-05-09 02:44:15.218  [http-nio-8083-exec-1] DEBUG [com.ljq.house.biz.mapper.UserMapper.selectUsersByQuery:] http-nio-8083-exec-1cid - ==> Parameters: 4(Long)
2020-05-09 02:44:15.224  [http-nio-8083-exec-1] DEBUG [com.ljq.house.biz.mapper.UserMapper.selectUsersByQuery:] http-nio-8083-exec-1cid - <==      Total: 1
2020-05-09 02:44:23.902  [http-nio-8083-exec-9] DEBUG [com.ljq.house.biz.mapper.BlogMapper.selectBlog:] http-nio-8083-exec-9cid - ==>  Preparing: select id,tags ,content,create_time,title from blog a order by a.create_time desc limit ?, ? 
2020-05-09 02:44:23.902  [http-nio-8083-exec-9] DEBUG [com.ljq.house.biz.mapper.BlogMapper.selectBlog:] http-nio-8083-exec-9cid - ==> Parameters: 0(Integer), 5(Integer)
2020-05-09 02:44:23.917  [http-nio-8083-exec-9] DEBUG [com.ljq.house.biz.mapper.BlogMapper.selectBlog:] http-nio-8083-exec-9cid - <==      Total: 5
2020-05-09 02:44:23.920  [http-nio-8083-exec-9] DEBUG [com.ljq.house.biz.mapper.BlogMapper.selectBlogCount:] http-nio-8083-exec-9cid - ==>  Preparing: select count(id) from blog a order by a.create_time desc 
2020-05-09 02:44:23.921  [http-nio-8083-exec-9] DEBUG [com.ljq.house.biz.mapper.BlogMapper.selectBlogCount:] http-nio-8083-exec-9cid - ==> Parameters: 
2020-05-09 02:44:23.926  [http-nio-8083-exec-9] DEBUG [com.ljq.house.biz.mapper.BlogMapper.selectBlogCount:] http-nio-8083-exec-9cid - <==      Total: 1
2020-05-09 02:44:26.664  [http-nio-8083-exec-6] DEBUG [com.ljq.house.biz.mapper.HouseMapper.selectPageHouses:] http-nio-8083-exec-6cid - ==>  Preparing: select a.id, a.type, a.name, a.price, a.images, a.area, a.beds, a.baths, a.rating, a.remarks, a.properties, a.floor_plan, a.tags, a.create_time, a.city_id, a.community_id, a.address, a.state from house a WHERE state = 1 order by a.create_time desc limit ?,? 
2020-05-09 02:44:26.665  [http-nio-8083-exec-6] DEBUG [com.ljq.house.biz.mapper.HouseMapper.selectPageHouses:] http-nio-8083-exec-6cid - ==> Parameters: 0(Integer), 8(Integer)
2020-05-09 02:44:26.672  [http-nio-8083-exec-6] DEBUG [com.ljq.house.biz.mapper.HouseMapper.selectPageHouses:] http-nio-8083-exec-6cid - <==      Total: 8
2020-05-09 02:48:59.993  [http-nio-8083-exec-1] DEBUG [com.ljq.house.biz.mapper.HouseMapper.selectPageHouses:] http-nio-8083-exec-1cid - ==>  Preparing: select a.id, a.type, a.name, a.price, a.images, a.area, a.beds, a.baths, a.rating, a.remarks, a.properties, a.floor_plan, a.tags, a.create_time, a.city_id, a.community_id, a.address, a.state from house a WHERE state = 1 order by a.create_time desc limit ?,? 
2020-05-09 02:49:00.010  [http-nio-8083-exec-1] DEBUG [com.ljq.house.biz.mapper.HouseMapper.selectPageHouses:] http-nio-8083-exec-1cid - ==> Parameters: 0(Integer), 8(Integer)
2020-05-09 02:49:00.279  [http-nio-8083-exec-1] DEBUG [com.ljq.house.biz.mapper.HouseMapper.selectPageHouses:] http-nio-8083-exec-1cid - <==      Total: 8
2020-05-09 02:49:30.539  [http-nio-8083-exec-10] DEBUG [com.ljq.house.biz.mapper.HouseMapper.selectPageHouses:] http-nio-8083-exec-10cid - ==>  Preparing: select a.id, a.type, a.name, a.price, a.images, a.area, a.beds, a.baths, a.rating, a.remarks, a.properties, a.floor_plan, a.tags, a.create_time, a.city_id, a.community_id, a.address, a.state from house a WHERE state = 1 and a.type = ? order by a.create_time desc limit ?,? 
2020-05-09 02:49:30.539  [http-nio-8083-exec-10] DEBUG [com.ljq.house.biz.mapper.HouseMapper.selectPageHouses:] http-nio-8083-exec-10cid - ==> Parameters: 1(Integer), 0(Integer), 5(Integer)
2020-05-09 02:49:30.547  [http-nio-8083-exec-10] DEBUG [com.ljq.house.biz.mapper.HouseMapper.selectPageHouses:] http-nio-8083-exec-10cid - <==      Total: 5
2020-05-09 02:49:30.548  [http-nio-8083-exec-10] DEBUG [com.ljq.house.biz.mapper.HouseMapper.selectPageCount:] http-nio-8083-exec-10cid - ==>  Preparing: select count(id) from house a WHERE state = 1 and a.type = ? 
2020-05-09 02:49:30.548  [http-nio-8083-exec-10] DEBUG [com.ljq.house.biz.mapper.HouseMapper.selectPageCount:] http-nio-8083-exec-10cid - ==> Parameters: 1(Integer)
2020-05-09 02:49:30.552  [http-nio-8083-exec-10] DEBUG [com.ljq.house.biz.mapper.HouseMapper.selectPageCount:] http-nio-8083-exec-10cid - <==      Total: 1
2020-05-09 02:49:49.722  [http-nio-8083-exec-6] DEBUG [com.ljq.house.biz.mapper.AgencyMapper.selectAgent:] http-nio-8083-exec-6cid - ==>  Preparing: select * from user WHERE enable = 1 and type = 2 order by id desc limit ?, ? 
2020-05-09 02:49:49.722  [http-nio-8083-exec-6] DEBUG [com.ljq.house.biz.mapper.AgencyMapper.selectAgent:] http-nio-8083-exec-6cid - ==> Parameters: 0(Integer), 6(Integer)
2020-05-09 02:49:49.728  [http-nio-8083-exec-6] DEBUG [com.ljq.house.biz.mapper.AgencyMapper.selectAgent:] http-nio-8083-exec-6cid - <==      Total: 3
2020-05-09 02:49:49.729  [http-nio-8083-exec-6] DEBUG [com.ljq.house.biz.mapper.AgencyMapper.selectAgentCount:] http-nio-8083-exec-6cid - ==>  Preparing: select count(id) from user WHERE enable =1 and type =2 
2020-05-09 02:49:49.729  [http-nio-8083-exec-6] DEBUG [com.ljq.house.biz.mapper.AgencyMapper.selectAgentCount:] http-nio-8083-exec-6cid - ==> Parameters: 
2020-05-09 02:49:49.733  [http-nio-8083-exec-6] DEBUG [com.ljq.house.biz.mapper.AgencyMapper.selectAgentCount:] http-nio-8083-exec-6cid - <==      Total: 1
2020-05-09 02:50:06.278  [http-nio-8083-exec-8] DEBUG [com.ljq.house.biz.mapper.BlogMapper.selectBlog:] http-nio-8083-exec-8cid - ==>  Preparing: select id,tags ,content,create_time,title from blog a order by a.create_time desc limit ?, ? 
2020-05-09 02:50:06.278  [http-nio-8083-exec-8] DEBUG [com.ljq.house.biz.mapper.BlogMapper.selectBlog:] http-nio-8083-exec-8cid - ==> Parameters: 0(Integer), 5(Integer)
2020-05-09 02:50:06.291  [http-nio-8083-exec-8] DEBUG [com.ljq.house.biz.mapper.BlogMapper.selectBlog:] http-nio-8083-exec-8cid - <==      Total: 5
2020-05-09 02:50:06.339  [http-nio-8083-exec-8] DEBUG [com.ljq.house.biz.mapper.BlogMapper.selectBlogCount:] http-nio-8083-exec-8cid - ==>  Preparing: select count(id) from blog a order by a.create_time desc 
2020-05-09 02:50:06.339  [http-nio-8083-exec-8] DEBUG [com.ljq.house.biz.mapper.BlogMapper.selectBlogCount:] http-nio-8083-exec-8cid - ==> Parameters: 
2020-05-09 02:50:06.343  [http-nio-8083-exec-8] DEBUG [com.ljq.house.biz.mapper.BlogMapper.selectBlogCount:] http-nio-8083-exec-8cid - <==      Total: 1
2020-05-09 02:50:56.436  [http-nio-8083-exec-3] DEBUG [com.ljq.house.biz.mapper.AgencyMapper.select:] http-nio-8083-exec-3cid - ==>  Preparing: select id , name, address, phone, email, about_us, mobile, web_site from agency 
2020-05-09 02:50:56.436  [http-nio-8083-exec-3] DEBUG [com.ljq.house.biz.mapper.AgencyMapper.select:] http-nio-8083-exec-3cid - ==> Parameters: 
2020-05-09 02:50:56.441  [http-nio-8083-exec-3] DEBUG [com.ljq.house.biz.mapper.AgencyMapper.select:] http-nio-8083-exec-3cid - <==      Total: 5
2020-05-09 02:51:09.363  [http-nio-8083-exec-8] DEBUG [com.ljq.house.biz.mapper.HouseMapper.selectPageHouses:] http-nio-8083-exec-8cid - ==>  Preparing: select a.id, a.type, a.name, a.price, a.images, a.area, a.beds, a.baths, a.rating, a.remarks, a.properties, a.floor_plan, a.tags, a.create_time, a.city_id, a.community_id, a.address, a.state from house a WHERE state = 1 order by a.create_time desc limit ?,? 
2020-05-09 02:51:09.363  [http-nio-8083-exec-8] DEBUG [com.ljq.house.biz.mapper.HouseMapper.selectPageHouses:] http-nio-8083-exec-8cid - ==> Parameters: 0(Integer), 8(Integer)
2020-05-09 02:51:09.374  [http-nio-8083-exec-8] DEBUG [com.ljq.house.biz.mapper.HouseMapper.selectPageHouses:] http-nio-8083-exec-8cid - <==      Total: 8
2020-05-09 02:51:16.365  [http-nio-8083-exec-2] DEBUG [com.ljq.house.biz.mapper.AgencyMapper.select:] http-nio-8083-exec-2cid - ==>  Preparing: select id , name, address, phone, email, about_us, mobile, web_site from agency 
2020-05-09 02:51:16.365  [http-nio-8083-exec-2] DEBUG [com.ljq.house.biz.mapper.AgencyMapper.select:] http-nio-8083-exec-2cid - ==> Parameters: 
2020-05-09 02:51:16.371  [http-nio-8083-exec-2] DEBUG [com.ljq.house.biz.mapper.AgencyMapper.select:] http-nio-8083-exec-2cid - <==      Total: 5
2020-05-09 02:51:30.660  [http-nio-8083-exec-8] DEBUG [com.ljq.house.biz.mapper.AgencyMapper.selectAgent:] http-nio-8083-exec-8cid - ==>  Preparing: select * from user WHERE enable = 1 and type = 2 order by id desc limit ?, ? 
2020-05-09 02:51:30.660  [http-nio-8083-exec-8] DEBUG [com.ljq.house.biz.mapper.AgencyMapper.selectAgent:] http-nio-8083-exec-8cid - ==> Parameters: 0(Integer), 6(Integer)
2020-05-09 02:51:30.666  [http-nio-8083-exec-8] DEBUG [com.ljq.house.biz.mapper.AgencyMapper.selectAgent:] http-nio-8083-exec-8cid - <==      Total: 3
2020-05-09 02:51:30.666  [http-nio-8083-exec-8] DEBUG [com.ljq.house.biz.mapper.AgencyMapper.selectAgentCount:] http-nio-8083-exec-8cid - ==>  Preparing: select count(id) from user WHERE enable =1 and type =2 
2020-05-09 02:51:30.666  [http-nio-8083-exec-8] DEBUG [com.ljq.house.biz.mapper.AgencyMapper.selectAgentCount:] http-nio-8083-exec-8cid - ==> Parameters: 
2020-05-09 02:51:30.671  [http-nio-8083-exec-8] DEBUG [com.ljq.house.biz.mapper.AgencyMapper.selectAgentCount:] http-nio-8083-exec-8cid - <==      Total: 1
2020-05-09 02:52:38.081  [http-nio-8083-exec-1] DEBUG [com.ljq.house.biz.mapper.AdminMapper.selectAdminsByQuery:] http-nio-8083-exec-1cid - ==>  Preparing: select * from admin WHERE name = ? and pwd = ? 
2020-05-09 02:52:38.082  [http-nio-8083-exec-1] DEBUG [com.ljq.house.biz.mapper.AdminMapper.selectAdminsByQuery:] http-nio-8083-exec-1cid - ==> Parameters: 911930036@qq.com(String), 40fc33643c4c3d4740004efbca039aae(String)
2020-05-09 02:52:38.086  [http-nio-8083-exec-1] DEBUG [com.ljq.house.biz.mapper.AdminMapper.selectAdminsByQuery:] http-nio-8083-exec-1cid - <==      Total: 0
2020-05-09 02:54:55.763  [http-nio-8083-exec-6] DEBUG [com.ljq.house.biz.mapper.AdminMapper.selectAdminsByQuery:] http-nio-8083-exec-6cid - ==>  Preparing: select * from admin WHERE name = ? and pwd = ? 
2020-05-09 02:54:55.763  [http-nio-8083-exec-6] DEBUG [com.ljq.house.biz.mapper.AdminMapper.selectAdminsByQuery:] http-nio-8083-exec-6cid - ==> Parameters: admin1(String), 40fc33643c4c3d4740004efbca039aae(String)
2020-05-09 02:54:55.768  [http-nio-8083-exec-6] DEBUG [com.ljq.house.biz.mapper.AdminMapper.selectAdminsByQuery:] http-nio-8083-exec-6cid - <==      Total: 1
2020-05-09 02:55:17.364  [http-nio-8083-exec-4] DEBUG [com.ljq.house.biz.mapper.UserMapper.selectUsers:] http-nio-8083-exec-4cid - ==>  Preparing: select * from user 
2020-05-09 02:55:17.364  [http-nio-8083-exec-4] DEBUG [com.ljq.house.biz.mapper.UserMapper.selectUsers:] http-nio-8083-exec-4cid - ==> Parameters: 
2020-05-09 02:55:17.368  [http-nio-8083-exec-4] DEBUG [com.ljq.house.biz.mapper.UserMapper.selectUsers:] http-nio-8083-exec-4cid - <==      Total: 4
2020-05-09 02:55:17.369  [http-nio-8083-exec-4] DEBUG [com.ljq.house.biz.mapper.UserMapper.selectUserCount:] http-nio-8083-exec-4cid - ==>  Preparing: select count(*) from user 
2020-05-09 02:55:17.370  [http-nio-8083-exec-4] DEBUG [com.ljq.house.biz.mapper.UserMapper.selectUserCount:] http-nio-8083-exec-4cid - ==> Parameters: 
2020-05-09 02:55:17.374  [http-nio-8083-exec-4] DEBUG [com.ljq.house.biz.mapper.UserMapper.selectUserCount:] http-nio-8083-exec-4cid - <==      Total: 1
2020-05-09 02:55:33.505  [http-nio-8083-exec-8] DEBUG [com.ljq.house.biz.mapper.HouseMapper.selectHouses:] http-nio-8083-exec-8cid - ==>  Preparing: select * from house 
2020-05-09 02:55:33.505  [http-nio-8083-exec-8] DEBUG [com.ljq.house.biz.mapper.HouseMapper.selectHouses:] http-nio-8083-exec-8cid - ==> Parameters: 
2020-05-09 02:55:33.514  [http-nio-8083-exec-8] DEBUG [com.ljq.house.biz.mapper.HouseMapper.selectHouses:] http-nio-8083-exec-8cid - <==      Total: 22
2020-05-09 02:55:33.515  [http-nio-8083-exec-8] DEBUG [com.ljq.house.biz.mapper.HouseMapper.selectHouseCount:] http-nio-8083-exec-8cid - ==>  Preparing: SELECT COUNT(*) FROM house 
2020-05-09 02:55:33.515  [http-nio-8083-exec-8] DEBUG [com.ljq.house.biz.mapper.HouseMapper.selectHouseCount:] http-nio-8083-exec-8cid - ==> Parameters: 
2020-05-09 02:55:33.518  [http-nio-8083-exec-8] DEBUG [com.ljq.house.biz.mapper.HouseMapper.selectHouseCount:] http-nio-8083-exec-8cid - <==      Total: 1
2020-05-09 02:56:17.087  [http-nio-8083-exec-10] DEBUG [com.ljq.house.biz.mapper.AdminMapper.selectAdmins:] http-nio-8083-exec-10cid - ==>  Preparing: select * from admin 
2020-05-09 02:56:17.088  [http-nio-8083-exec-10] DEBUG [com.ljq.house.biz.mapper.AdminMapper.selectAdmins:] http-nio-8083-exec-10cid - ==> Parameters: 
2020-05-09 02:56:17.092  [http-nio-8083-exec-10] DEBUG [com.ljq.house.biz.mapper.AdminMapper.selectAdmins:] http-nio-8083-exec-10cid - <==      Total: 2
2020-05-09 02:56:17.093  [http-nio-8083-exec-10] DEBUG [com.ljq.house.biz.mapper.AdminMapper.selectAdminCount:] http-nio-8083-exec-10cid - ==>  Preparing: select count(*) from admin 
2020-05-09 02:56:17.093  [http-nio-8083-exec-10] DEBUG [com.ljq.house.biz.mapper.AdminMapper.selectAdminCount:] http-nio-8083-exec-10cid - ==> Parameters: 
2020-05-09 02:56:17.096  [http-nio-8083-exec-10] DEBUG [com.ljq.house.biz.mapper.AdminMapper.selectAdminCount:] http-nio-8083-exec-10cid - <==      Total: 1
2020-05-09 02:56:21.615  [http-nio-8083-exec-7] DEBUG [com.ljq.house.biz.mapper.UserMapper.selectUsers:] http-nio-8083-exec-7cid - ==>  Preparing: select * from user 
2020-05-09 02:56:21.615  [http-nio-8083-exec-7] DEBUG [com.ljq.house.biz.mapper.UserMapper.selectUsers:] http-nio-8083-exec-7cid - ==> Parameters: 
2020-05-09 02:56:21.620  [http-nio-8083-exec-7] DEBUG [com.ljq.house.biz.mapper.UserMapper.selectUsers:] http-nio-8083-exec-7cid - <==      Total: 4
2020-05-09 02:56:21.621  [http-nio-8083-exec-7] DEBUG [com.ljq.house.biz.mapper.UserMapper.selectUserCount:] http-nio-8083-exec-7cid - ==>  Preparing: select count(*) from user 
2020-05-09 02:56:21.621  [http-nio-8083-exec-7] DEBUG [com.ljq.house.biz.mapper.UserMapper.selectUserCount:] http-nio-8083-exec-7cid - ==> Parameters: 
2020-05-09 02:56:21.624  [http-nio-8083-exec-7] DEBUG [com.ljq.house.biz.mapper.UserMapper.selectUserCount:] http-nio-8083-exec-7cid - <==      Total: 1
2020-05-09 02:57:40.400  [http-nio-8083-exec-3] DEBUG [com.ljq.house.biz.mapper.AdminMapper.selectAdminsByQuery:] http-nio-8083-exec-3cid - ==>  Preparing: select * from admin WHERE name = ? and pwd = ? 
2020-05-09 02:57:40.400  [http-nio-8083-exec-3] DEBUG [com.ljq.house.biz.mapper.AdminMapper.selectAdminsByQuery:] http-nio-8083-exec-3cid - ==> Parameters: admin2(String), 499a19fa2d53a410845181b446da8ab3(String)
2020-05-09 02:57:40.404  [http-nio-8083-exec-3] DEBUG [com.ljq.house.biz.mapper.AdminMapper.selectAdminsByQuery:] http-nio-8083-exec-3cid - <==      Total: 0
2020-05-09 02:58:02.739  [http-nio-8083-exec-2] DEBUG [com.ljq.house.biz.mapper.AdminMapper.selectAdminsByQuery:] http-nio-8083-exec-2cid - ==>  Preparing: select * from admin WHERE name = ? and pwd = ? 
2020-05-09 02:58:02.739  [http-nio-8083-exec-2] DEBUG [com.ljq.house.biz.mapper.AdminMapper.selectAdminsByQuery:] http-nio-8083-exec-2cid - ==> Parameters: admin2(String), 499a19fa2d53a410845181b446da8ab3(String)
2020-05-09 02:58:02.743  [http-nio-8083-exec-2] DEBUG [com.ljq.house.biz.mapper.AdminMapper.selectAdminsByQuery:] http-nio-8083-exec-2cid - <==      Total: 0
2020-05-09 02:58:12.572  [http-nio-8083-exec-10] DEBUG [com.ljq.house.biz.mapper.AdminMapper.selectAdminsByQuery:] http-nio-8083-exec-10cid - ==>  Preparing: select * from admin WHERE name = ? and pwd = ? 
2020-05-09 02:58:12.573  [http-nio-8083-exec-10] DEBUG [com.ljq.house.biz.mapper.AdminMapper.selectAdminsByQuery:] http-nio-8083-exec-10cid - ==> Parameters: admin1(String), 499a19fa2d53a410845181b446da8ab3(String)
2020-05-09 02:58:12.577  [http-nio-8083-exec-10] DEBUG [com.ljq.house.biz.mapper.AdminMapper.selectAdminsByQuery:] http-nio-8083-exec-10cid - <==      Total: 0
2020-05-09 02:58:47.046  [http-nio-8083-exec-5] DEBUG [com.ljq.house.biz.mapper.AdminMapper.selectAdminsByQuery:] http-nio-8083-exec-5cid - ==>  Preparing: select * from admin WHERE name = ? and pwd = ? 
2020-05-09 02:58:47.047  [http-nio-8083-exec-5] DEBUG [com.ljq.house.biz.mapper.AdminMapper.selectAdminsByQuery:] http-nio-8083-exec-5cid - ==> Parameters: admin1(String), 499a19fa2d53a410845181b446da8ab3(String)
2020-05-09 02:58:47.051  [http-nio-8083-exec-5] DEBUG [com.ljq.house.biz.mapper.AdminMapper.selectAdminsByQuery:] http-nio-8083-exec-5cid - <==      Total: 0
2020-05-09 02:59:09.204  [http-nio-8083-exec-8] DEBUG [com.ljq.house.biz.mapper.AdminMapper.selectAdminsByQuery:] http-nio-8083-exec-8cid - ==>  Preparing: select * from admin WHERE name = ? and pwd = ? 
2020-05-09 02:59:09.204  [http-nio-8083-exec-8] DEBUG [com.ljq.house.biz.mapper.AdminMapper.selectAdminsByQuery:] http-nio-8083-exec-8cid - ==> Parameters: admin1(String), 499a19fa2d53a410845181b446da8ab3(String)
2020-05-09 02:59:09.209  [http-nio-8083-exec-8] DEBUG [com.ljq.house.biz.mapper.AdminMapper.selectAdminsByQuery:] http-nio-8083-exec-8cid - <==      Total: 0
2020-05-09 02:59:47.880  [http-nio-8083-exec-5] DEBUG [com.ljq.house.biz.mapper.AdminMapper.selectAdminsByQuery:] http-nio-8083-exec-5cid - ==>  Preparing: select * from admin WHERE name = ? and pwd = ? 
2020-05-09 02:59:47.881  [http-nio-8083-exec-5] DEBUG [com.ljq.house.biz.mapper.AdminMapper.selectAdminsByQuery:] http-nio-8083-exec-5cid - ==> Parameters: admin1(String), 499a19fa2d53a410845181b446da8ab3(String)
2020-05-09 02:59:47.885  [http-nio-8083-exec-5] DEBUG [com.ljq.house.biz.mapper.AdminMapper.selectAdminsByQuery:] http-nio-8083-exec-5cid - <==      Total: 1
